<?xml version="1.0" encoding="UTF-8"?>
<testsuite xmlns:xsi="http://www.w3.org/2001/XMLSchema-instance" xsi:noNamespaceSchemaLocation="https://maven.apache.org/surefire/maven-surefire-plugin/xsd/surefire-test-report-3.0.xsd" version="3.0" name="hellocucumber.RunCucumberTest" time="0.125" tests="1" errors="1" skipped="0" failures="0">
  <properties>
    <property name="java.specification.version" value="21"/>
    <property name="sun.jnu.encoding" value="UTF-8"/>
    <property name="java.class.path" value="/Users/nikolaj/Desktop/BddApproachCucumberSelenide/target/test-classes:/Users/nikolaj/Desktop/BddApproachCucumberSelenide/target/classes:/Users/nikolaj/.m2/repository/io/cucumber/cucumber-java/7.14.1/cucumber-java-7.14.1.jar:/Users/nikolaj/.m2/repository/io/cucumber/cucumber-core/7.14.1/cucumber-core-7.14.1.jar:/Users/nikolaj/.m2/repository/io/cucumber/cucumber-gherkin/7.14.1/cucumber-gherkin-7.14.1.jar:/Users/nikolaj/.m2/repository/io/cucumber/cucumber-gherkin-messages/7.14.1/cucumber-gherkin-messages-7.14.1.jar:/Users/nikolaj/.m2/repository/io/cucumber/gherkin/26.2.0/gherkin-26.2.0.jar:/Users/nikolaj/.m2/repository/io/cucumber/messages/22.0.0/messages-22.0.0.jar:/Users/nikolaj/.m2/repository/io/cucumber/tag-expressions/6.0.0/tag-expressions-6.0.0.jar:/Users/nikolaj/.m2/repository/io/cucumber/cucumber-expressions/17.0.1/cucumber-expressions-17.0.1.jar:/Users/nikolaj/.m2/repository/io/cucumber/datatable/7.14.1/datatable-7.14.1.jar:/Users/nikolaj/.m2/repository/io/cucumber/cucumber-plugin/7.14.1/cucumber-plugin-7.14.1.jar:/Users/nikolaj/.m2/repository/io/cucumber/docstring/7.14.1/docstring-7.14.1.jar:/Users/nikolaj/.m2/repository/io/cucumber/html-formatter/20.4.0/html-formatter-20.4.0.jar:/Users/nikolaj/.m2/repository/io/cucumber/junit-xml-formatter/0.2.0/junit-xml-formatter-0.2.0.jar:/Users/nikolaj/.m2/repository/io/cucumber/ci-environment/10.0.0/ci-environment-10.0.0.jar:/Users/nikolaj/.m2/repository/org/apiguardian/apiguardian-api/1.1.2/apiguardian-api-1.1.2.jar:/Users/nikolaj/.m2/repository/io/cucumber/cucumber-junit-platform-engine/7.14.1/cucumber-junit-platform-engine-7.14.1.jar:/Users/nikolaj/.m2/repository/org/junit/platform/junit-platform-engine/1.10.1/junit-platform-engine-1.10.1.jar:/Users/nikolaj/.m2/repository/org/opentest4j/opentest4j/1.3.0/opentest4j-1.3.0.jar:/Users/nikolaj/.m2/repository/org/junit/platform/junit-platform-commons/1.10.1/junit-platform-commons-1.10.1.jar:/Users/nikolaj/.m2/repository/org/junit/platform/junit-platform-suite/1.10.1/junit-platform-suite-1.10.1.jar:/Users/nikolaj/.m2/repository/org/junit/platform/junit-platform-suite-api/1.10.1/junit-platform-suite-api-1.10.1.jar:/Users/nikolaj/.m2/repository/org/junit/platform/junit-platform-suite-engine/1.10.1/junit-platform-suite-engine-1.10.1.jar:/Users/nikolaj/.m2/repository/org/junit/platform/junit-platform-suite-commons/1.10.1/junit-platform-suite-commons-1.10.1.jar:/Users/nikolaj/.m2/repository/org/junit/platform/junit-platform-launcher/1.10.1/junit-platform-launcher-1.10.1.jar:/Users/nikolaj/.m2/repository/org/junit/jupiter/junit-jupiter/5.10.1/junit-jupiter-5.10.1.jar:/Users/nikolaj/.m2/repository/org/junit/jupiter/junit-jupiter-api/5.10.1/junit-jupiter-api-5.10.1.jar:/Users/nikolaj/.m2/repository/org/junit/jupiter/junit-jupiter-params/5.10.1/junit-jupiter-params-5.10.1.jar:/Users/nikolaj/.m2/repository/org/junit/jupiter/junit-jupiter-engine/5.10.1/junit-jupiter-engine-5.10.1.jar:"/>
    <property name="java.vm.vendor" value="Homebrew"/>
    <property name="sun.arch.data.model" value="64"/>
    <property name="java.vendor.url" value="https://github.com/Homebrew/homebrew-core/issues"/>
    <property name="user.timezone" value="Europe/London"/>
    <property name="os.name" value="Mac OS X"/>
    <property name="java.vm.specification.version" value="21"/>
    <property name="sun.java.launcher" value="SUN_STANDARD"/>
    <property name="user.country" value="GE"/>
    <property name="sun.boot.library.path" value="/opt/homebrew/Cellar/openjdk/21.0.1/libexec/openjdk.jdk/Contents/Home/lib"/>
    <property name="sun.java.command" value="/Users/nikolaj/Desktop/BddApproachCucumberSelenide/target/surefire/surefirebooter-20231212183619506_3.jar /Users/nikolaj/Desktop/BddApproachCucumberSelenide/target/surefire 2023-12-12T18-36-19_398-jvmRun1 surefire-20231212183619506_1tmp surefire_0-20231212183619506_2tmp"/>
    <property name="http.nonProxyHosts" value="local|*.local|169.254/16|*.169.254/16"/>
    <property name="jdk.debug" value="release"/>
    <property name="surefire.test.class.path" value="/Users/nikolaj/Desktop/BddApproachCucumberSelenide/target/test-classes:/Users/nikolaj/Desktop/BddApproachCucumberSelenide/target/classes:/Users/nikolaj/.m2/repository/io/cucumber/cucumber-java/7.14.1/cucumber-java-7.14.1.jar:/Users/nikolaj/.m2/repository/io/cucumber/cucumber-core/7.14.1/cucumber-core-7.14.1.jar:/Users/nikolaj/.m2/repository/io/cucumber/cucumber-gherkin/7.14.1/cucumber-gherkin-7.14.1.jar:/Users/nikolaj/.m2/repository/io/cucumber/cucumber-gherkin-messages/7.14.1/cucumber-gherkin-messages-7.14.1.jar:/Users/nikolaj/.m2/repository/io/cucumber/gherkin/26.2.0/gherkin-26.2.0.jar:/Users/nikolaj/.m2/repository/io/cucumber/messages/22.0.0/messages-22.0.0.jar:/Users/nikolaj/.m2/repository/io/cucumber/tag-expressions/6.0.0/tag-expressions-6.0.0.jar:/Users/nikolaj/.m2/repository/io/cucumber/cucumber-expressions/17.0.1/cucumber-expressions-17.0.1.jar:/Users/nikolaj/.m2/repository/io/cucumber/datatable/7.14.1/datatable-7.14.1.jar:/Users/nikolaj/.m2/repository/io/cucumber/cucumber-plugin/7.14.1/cucumber-plugin-7.14.1.jar:/Users/nikolaj/.m2/repository/io/cucumber/docstring/7.14.1/docstring-7.14.1.jar:/Users/nikolaj/.m2/repository/io/cucumber/html-formatter/20.4.0/html-formatter-20.4.0.jar:/Users/nikolaj/.m2/repository/io/cucumber/junit-xml-formatter/0.2.0/junit-xml-formatter-0.2.0.jar:/Users/nikolaj/.m2/repository/io/cucumber/ci-environment/10.0.0/ci-environment-10.0.0.jar:/Users/nikolaj/.m2/repository/org/apiguardian/apiguardian-api/1.1.2/apiguardian-api-1.1.2.jar:/Users/nikolaj/.m2/repository/io/cucumber/cucumber-junit-platform-engine/7.14.1/cucumber-junit-platform-engine-7.14.1.jar:/Users/nikolaj/.m2/repository/org/junit/platform/junit-platform-engine/1.10.1/junit-platform-engine-1.10.1.jar:/Users/nikolaj/.m2/repository/org/opentest4j/opentest4j/1.3.0/opentest4j-1.3.0.jar:/Users/nikolaj/.m2/repository/org/junit/platform/junit-platform-commons/1.10.1/junit-platform-commons-1.10.1.jar:/Users/nikolaj/.m2/repository/org/junit/platform/junit-platform-suite/1.10.1/junit-platform-suite-1.10.1.jar:/Users/nikolaj/.m2/repository/org/junit/platform/junit-platform-suite-api/1.10.1/junit-platform-suite-api-1.10.1.jar:/Users/nikolaj/.m2/repository/org/junit/platform/junit-platform-suite-engine/1.10.1/junit-platform-suite-engine-1.10.1.jar:/Users/nikolaj/.m2/repository/org/junit/platform/junit-platform-suite-commons/1.10.1/junit-platform-suite-commons-1.10.1.jar:/Users/nikolaj/.m2/repository/org/junit/platform/junit-platform-launcher/1.10.1/junit-platform-launcher-1.10.1.jar:/Users/nikolaj/.m2/repository/org/junit/jupiter/junit-jupiter/5.10.1/junit-jupiter-5.10.1.jar:/Users/nikolaj/.m2/repository/org/junit/jupiter/junit-jupiter-api/5.10.1/junit-jupiter-api-5.10.1.jar:/Users/nikolaj/.m2/repository/org/junit/jupiter/junit-jupiter-params/5.10.1/junit-jupiter-params-5.10.1.jar:/Users/nikolaj/.m2/repository/org/junit/jupiter/junit-jupiter-engine/5.10.1/junit-jupiter-engine-5.10.1.jar:"/>
    <property name="sun.cpu.endian" value="little"/>
    <property name="user.home" value="/Users/nikolaj"/>
    <property name="user.language" value="ru"/>
    <property name="java.specification.vendor" value="Oracle Corporation"/>
    <property name="java.version.date" value="2023-10-17"/>
    <property name="java.home" value="/opt/homebrew/Cellar/openjdk/21.0.1/libexec/openjdk.jdk/Contents/Home"/>
    <property name="file.separator" value="/"/>
    <property name="basedir" value="/Users/nikolaj/Desktop/BddApproachCucumberSelenide"/>
    <property name="java.vm.compressedOopsMode" value="Zero based"/>
    <property name="line.separator" value="&#10;"/>
    <property name="java.vm.specification.vendor" value="Oracle Corporation"/>
    <property name="java.specification.name" value="Java Platform API Specification"/>
    <property name="apple.awt.application.name" value="ForkedBooter"/>
    <property name="surefire.real.class.path" value="/Users/nikolaj/Desktop/BddApproachCucumberSelenide/target/surefire/surefirebooter-20231212183619506_3.jar"/>
    <property name="sun.management.compiler" value="HotSpot 64-Bit Tiered Compilers"/>
    <property name="ftp.nonProxyHosts" value="local|*.local|169.254/16|*.169.254/16"/>
    <property name="java.runtime.version" value="21.0.1"/>
    <property name="user.name" value="nikolaj"/>
    <property name="stdout.encoding" value="UTF-8"/>
    <property name="path.separator" value=":"/>
    <property name="os.version" value="14.1.1"/>
    <property name="java.runtime.name" value="OpenJDK Runtime Environment"/>
    <property name="file.encoding" value="UTF-8"/>
    <property name="java.vm.name" value="OpenJDK 64-Bit Server VM"/>
    <property name="java.vendor.version" value="Homebrew"/>
    <property name="localRepository" value="/Users/nikolaj/.m2/repository"/>
    <property name="java.vendor.url.bug" value="https://github.com/Homebrew/homebrew-core/issues"/>
    <property name="java.io.tmpdir" value="/var/folders/13/tbq7qnwn6b74wrsz42h64s2h0000gp/T/"/>
    <property name="java.version" value="21.0.1"/>
    <property name="user.dir" value="/Users/nikolaj/Desktop/BddApproachCucumberSelenide"/>
    <property name="os.arch" value="aarch64"/>
    <property name="java.vm.specification.name" value="Java Virtual Machine Specification"/>
    <property name="native.encoding" value="UTF-8"/>
    <property name="java.library.path" value="/Users/nikolaj/Library/Java/Extensions:/Library/Java/Extensions:/Network/Library/Java/Extensions:/System/Library/Java/Extensions:/usr/lib/java:."/>
    <property name="java.vm.info" value="mixed mode, sharing"/>
    <property name="stderr.encoding" value="UTF-8"/>
    <property name="java.vendor" value="Homebrew"/>
    <property name="java.vm.version" value="21.0.1"/>
    <property name="sun.io.unicode.encoding" value="UnicodeBig"/>
    <property name="socksNonProxyHosts" value="local|*.local|169.254/16|*.169.254/16"/>
    <property name="java.class.version" value="65.0"/>
  </properties>
  <testcase name="The example of" classname="An example" time="0.043">
    <error message="Duplicate step definitions in hellocucumber.StepDefinitions.anExampleScenario() and steps.StepDefinitions.anExampleScenario()" type="io.cucumber.core.runner.DuplicateStepDefinitionException"><![CDATA[io.cucumber.core.runner.DuplicateStepDefinitionException: Duplicate step definitions in hellocucumber.StepDefinitions.anExampleScenario() and steps.StepDefinitions.anExampleScenario()
	at io.cucumber.core.runner.CachingGlue.lambda$prepareGlue$3(CachingGlue.java:278)
	at java.base/java.util.ArrayList.forEach(ArrayList.java:1596)
	at io.cucumber.core.runner.CachingGlue.prepareGlue(CachingGlue.java:272)
	at io.cucumber.core.runner.Runner.runPickle(Runner.java:72)
	at io.cucumber.junit.platform.engine.CucumberEngineExecutionContext.lambda$runTestCase$4(CucumberEngineExecutionContext.java:112)
	at io.cucumber.core.runtime.CucumberExecutionContext.lambda$runTestCase$5(CucumberExecutionContext.java:137)
	at io.cucumber.core.runtime.RethrowingThrowableCollector.executeAndThrow(RethrowingThrowableCollector.java:23)
	at io.cucumber.core.runtime.CucumberExecutionContext.runTestCase(CucumberExecutionContext.java:137)
	at io.cucumber.junit.platform.engine.CucumberEngineExecutionContext.runTestCase(CucumberEngineExecutionContext.java:109)
	at io.cucumber.junit.platform.engine.NodeDescriptor$PickleDescriptor.execute(NodeDescriptor.java:168)
	at io.cucumber.junit.platform.engine.NodeDescriptor$PickleDescriptor.execute(NodeDescriptor.java:90)
	at java.base/java.util.ArrayList.forEach(ArrayList.java:1596)
	at java.base/java.util.ArrayList.forEach(ArrayList.java:1596)
]]></error>
  </testcase>
</testsuite>